# JRE version: OpenJDK Runtime Environment (8.0_152-b02) (build 1.8.0_152-release-1024-b02)
# Java VM: OpenJDK 64-Bit Server VM (25.152-b02 mixed mode windows-amd64 compressed oops)
Heap:
 PSYoungGen      total 138240K, used 125875K [0x00000000e0000000, 0x00000000ed500000, 0x0000000100000000)
  eden space 128000K, 98% used [0x00000000e0000000,0x00000000e7aecc20,0x00000000e7d00000)
  from space 10240K, 0% used [0x00000000e7d00000,0x00000000e7d00000,0x00000000e8700000)
  to   space 12800K, 0% used [0x00000000ec880000,0x00000000ec880000,0x00000000ed500000)
 ParOldGen       total 78848K, used 19412K [0x00000000a0000000, 0x00000000a4d00000, 0x00000000e0000000)
  object space 78848K, 24% used [0x00000000a0000000,0x00000000a12f5110,0x00000000a4d00000)
 Metaspace       used 41264K, capacity 42228K, committed 42368K, reserved 1085440K
  class space    used 5649K, capacity 5945K, committed 6016K, reserved 1048576K
GC Heap History (10 events):
Event: 4.555 GC heap before
{Heap before GC invocations=5 (full 0):
 PSYoungGen      total 70656K, used 21359K [0x00000000e0000000, 0x00000000e4a00000, 0x0000000100000000)
  eden space 65536K, 24% used [0x00000000e0000000,0x00000000e0fdfcc0,0x00000000e4000000)
  from space 5120K, 99% used [0x00000000e4500000,0x00000000e49fc070,0x00000000e4a00000)
  to   space 5120K, 0% used [0x00000000e4000000,0x00000000e4000000,0x00000000e4500000)
 ParOldGen       total 86016K, used 5218K [0x00000000a0000000, 0x00000000a5400000, 0x00000000e0000000)
  object space 86016K, 6% used [0x00000000a0000000,0x00000000a0518988,0x00000000a5400000)
 Metaspace       used 20826K, capacity 21200K, committed 21248K, reserved 1067008K
  class space    used 2913K, capacity 3038K, committed 3072K, reserved 1048576K
Event: 4.572 GC heap after
Heap after GC invocations=5 (full 0):
 PSYoungGen      total 70656K, used 5088K [0x00000000e0000000, 0x00000000e9400000, 0x0000000100000000)
  eden space 65536K, 0% used [0x00000000e0000000,0x00000000e0000000,0x00000000e4000000)
  from space 5120K, 99% used [0x00000000e4000000,0x00000000e44f8030,0x00000000e4500000)
  to   space 10240K, 0% used [0x00000000e8a00000,0x00000000e8a00000,0x00000000e9400000)
 ParOldGen       total 86016K, used 8071K [0x00000000a0000000, 0x00000000a5400000, 0x00000000e0000000)
  object space 86016K, 9% used [0x00000000a0000000,0x00000000a07e1c98,0x00000000a5400000)
 Metaspace       used 20826K, capacity 21200K, committed 21248K, reserved 1067008K
  class space    used 2913K, capacity 3038K, committed 3072K, reserved 1048576K
}
Event: 4.572 GC heap before
{Heap before GC invocations=6 (full 1):
 PSYoungGen      total 70656K, used 5088K [0x00000000e0000000, 0x00000000e9400000, 0x0000000100000000)
  eden space 65536K, 0% used [0x00000000e0000000,0x00000000e0000000,0x00000000e4000000)
  from space 5120K, 99% used [0x00000000e4000000,0x00000000e44f8030,0x00000000e4500000)
  to   space 10240K, 0% used [0x00000000e8a00000,0x00000000e8a00000,0x00000000e9400000)
 ParOldGen       total 86016K, used 8071K [0x00000000a0000000, 0x00000000a5400000, 0x00000000e0000000)
  object space 86016K, 9% used [0x00000000a0000000,0x00000000a07e1c98,0x00000000a5400000)
 Metaspace       used 20826K, capacity 21200K, committed 21248K, reserved 1067008K
  class space    used 2913K, capacity 3038K, committed 3072K, reserved 1048576K
Event: 4.642 GC heap after
Heap after GC invocations=6 (full 1):
 PSYoungGen      total 70656K, used 0K [0x00000000e0000000, 0x00000000e9400000, 0x0000000100000000)
  eden space 65536K, 0% used [0x00000000e0000000,0x00000000e0000000,0x00000000e4000000)
  from space 5120K, 0% used [0x00000000e4000000,0x00000000e4000000,0x00000000e4500000)
  to   space 10240K, 0% used [0x00000000e8a00000,0x00000000e8a00000,0x00000000e9400000)
 ParOldGen       total 52736K, used 8218K [0x00000000a0000000, 0x00000000a3380000, 0x00000000e0000000)
  object space 52736K, 15% used [0x00000000a0000000,0x00000000a08069a0,0x00000000a3380000)
 Metaspace       used 20826K, capacity 21200K, committed 21248K, reserved 1067008K
  class space    used 2913K, capacity 3038K, committed 3072K, reserved 1048576K
}
Event: 6.809 GC heap before
{Heap before GC invocations=7 (full 1):
 PSYoungGen      total 70656K, used 65536K [0x00000000e0000000, 0x00000000e9400000, 0x0000000100000000)
  eden space 65536K, 100% used [0x00000000e0000000,0x00000000e4000000,0x00000000e4000000)
  from space 5120K, 0% used [0x00000000e4000000,0x00000000e4000000,0x00000000e4500000)
  to   space 10240K, 0% used [0x00000000e8a00000,0x00000000e8a00000,0x00000000e9400000)
 ParOldGen       total 52736K, used 8218K [0x00000000a0000000, 0x00000000a3380000, 0x00000000e0000000)
  object space 52736K, 15% used [0x00000000a0000000,0x00000000a08069a0,0x00000000a3380000)
 Metaspace       used 26572K, capacity 27056K, committed 27136K, reserved 1073152K
  class space    used 3673K, capacity 3829K, committed 3840K, reserved 1048576K
Event: 6.820 GC heap after
Heap after GC invocations=7 (full 1):
 PSYoungGen      total 121344K, used 7167K [0x00000000e0000000, 0x00000000e9100000, 0x0000000100000000)
  eden space 114176K, 0% used [0x00000000e0000000,0x00000000e0000000,0x00000000e6f80000)
  from space 7168K, 99% used [0x00000000e8a00000,0x00000000e90ffe28,0x00000000e9100000)
  to   space 10240K, 0% used [0x00000000e7d00000,0x00000000e7d00000,0x00000000e8700000)
 ParOldGen       total 52736K, used 8226K [0x00000000a0000000, 0x00000000a3380000, 0x00000000e0000000)
  object space 52736K, 15% used [0x00000000a0000000,0x00000000a08089a0,0x00000000a3380000)
 Metaspace       used 26572K, capacity 27056K, committed 27136K, reserved 1073152K
  class space    used 3673K, capacity 3829K, committed 3840K, reserved 1048576K
}
Event: 11.910 GC heap before
{Heap before GC invocations=8 (full 1):
 PSYoungGen      total 121344K, used 99818K [0x00000000e0000000, 0x00000000e9100000, 0x0000000100000000)
  eden space 114176K, 81% used [0x00000000e0000000,0x00000000e5a7ac08,0x00000000e6f80000)
  from space 7168K, 99% used [0x00000000e8a00000,0x00000000e90ffe28,0x00000000e9100000)
  to   space 10240K, 0% used [0x00000000e7d00000,0x00000000e7d00000,0x00000000e8700000)
 ParOldGen       total 52736K, used 8226K [0x00000000a0000000, 0x00000000a3380000, 0x00000000e0000000)
  object space 52736K, 15% used [0x00000000a0000000,0x00000000a08089a0,0x00000000a3380000)
 Metaspace       used 34627K, capacity 35282K, committed 35416K, reserved 1079296K
  class space    used 4780K, capacity 5001K, committed 5120K, reserved 1048576K
Event: 11.937 GC heap after
Heap after GC invocations=8 (full 1):
 PSYoungGen      total 138240K, used 10209K [0x00000000e0000000, 0x00000000ed500000, 0x0000000100000000)
  eden space 128000K, 0% used [0x00000000e0000000,0x00000000e0000000,0x00000000e7d00000)
  from space 10240K, 99% used [0x00000000e7d00000,0x00000000e86f8790,0x00000000e8700000)
  to   space 12800K, 0% used [0x00000000ec880000,0x00000000ec880000,0x00000000ed500000)
 ParOldGen       total 52736K, used 10940K [0x00000000a0000000, 0x00000000a3380000, 0x00000000e0000000)
  object space 52736K, 20% used [0x00000000a0000000,0x00000000a0aaf008,0x00000000a3380000)
 Metaspace       used 34627K, capacity 35282K, committed 35416K, reserved 1079296K
  class space    used 4780K, capacity 5001K, committed 5120K, reserved 1048576K
}
Event: 11.937 GC heap before
{Heap before GC invocations=9 (full 2):
 PSYoungGen      total 138240K, used 10209K [0x00000000e0000000, 0x00000000ed500000, 0x0000000100000000)
  eden space 128000K, 0% used [0x00000000e0000000,0x00000000e0000000,0x00000000e7d00000)
  from space 10240K, 99% used [0x00000000e7d00000,0x00000000e86f8790,0x00000000e8700000)
  to   space 12800K, 0% used [0x00000000ec880000,0x00000000ec880000,0x00000000ed500000)
 ParOldGen       total 52736K, used 10940K [0x00000000a0000000, 0x00000000a3380000, 0x00000000e0000000)
  object space 52736K, 20% used [0x00000000a0000000,0x00000000a0aaf008,0x00000000a3380000)
 Metaspace       used 34627K, capacity 35282K, committed 35416K, reserved 1079296K
  class space    used 4780K, capacity 5001K, committed 5120K, reserved 1048576K
Event: 12.104 GC heap after
Heap after GC invocations=9 (full 2):
 PSYoungGen      total 138240K, used 0K [0x00000000e0000000, 0x00000000ed500000, 0x0000000100000000)
  eden space 128000K, 0% used [0x00000000e0000000,0x00000000e0000000,0x00000000e7d00000)
  from space 10240K, 0% used [0x00000000e7d00000,0x00000000e7d00000,0x00000000e8700000)
  to   space 12800K, 0% used [0x00000000ec880000,0x00000000ec880000,0x00000000ed500000)
 ParOldGen       total 78848K, used 19412K [0x00000000a0000000, 0x00000000a4d00000, 0x00000000e0000000)
  object space 78848K, 24% used [0x00000000a0000000,0x00000000a12f5110,0x00000000a4d00000)
 Metaspace       used 34627K, capacity 35282K, committed 35416K, reserved 1079296K
  class space    used 4780K, capacity 5001K, committed 5120K, reserved 1048576K
}

