# JRE version: OpenJDK Runtime Environment (8.0_152-b02) (build 1.8.0_152-release-1024-b02)
# Java VM: OpenJDK 64-Bit Server VM (25.152-b02 mixed mode windows-amd64 compressed oops)
Heap:
 PSYoungGen      total 359424K, used 146650K [0x00000000e0000000, 0x00000000f8080000, 0x0000000100000000)
  eden space 333312K, 38% used [0x00000000e0000000,0x00000000e7bf92e0,0x00000000f4580000)
  from space 26112K, 75% used [0x00000000f6080000,0x00000000f73bd900,0x00000000f7a00000)
  to   space 27648K, 0% used [0x00000000f4580000,0x00000000f4580000,0x00000000f6080000)
 ParOldGen       total 142848K, used 38980K [0x00000000a0000000, 0x00000000a8b80000, 0x00000000e0000000)
  object space 142848K, 27% used [0x00000000a0000000,0x00000000a26111c8,0x00000000a8b80000)
 Metaspace       used 75434K, capacity 78608K, committed 78720K, reserved 1118208K
  class space    used 9909K, capacity 10591K, committed 10624K, reserved 1048576K
GC Heap History (10 events):
Event: 12.367 GC heap before
{Heap before GC invocations=9 (full 2):
 PSYoungGen      total 199680K, used 184832K [0x00000000e0000000, 0x00000000ee480000, 0x0000000100000000)
  eden space 184832K, 100% used [0x00000000e0000000,0x00000000eb480000,0x00000000eb480000)
  from space 14848K, 0% used [0x00000000ec280000,0x00000000ec280000,0x00000000ed100000)
  to   space 14336K, 0% used [0x00000000eb480000,0x00000000eb480000,0x00000000ec280000)
 ParOldGen       total 97792K, used 16567K [0x00000000a0000000, 0x00000000a5f80000, 0x00000000e0000000)
  object space 97792K, 16% used [0x00000000a0000000,0x00000000a102de98,0x00000000a5f80000)
 Metaspace       used 46048K, capacity 47062K, committed 47360K, reserved 1089536K
  class space    used 6284K, capacity 6600K, committed 6656K, reserved 1048576K
Event: 12.398 GC heap after
Heap after GC invocations=9 (full 2):
 PSYoungGen      total 199168K, used 14324K [0x00000000e0000000, 0x00000000f3380000, 0x0000000100000000)
  eden space 184832K, 0% used [0x00000000e0000000,0x00000000e0000000,0x00000000eb480000)
  from space 14336K, 99% used [0x00000000eb480000,0x00000000ec27d2d8,0x00000000ec280000)
  to   space 16896K, 0% used [0x00000000f2300000,0x00000000f2300000,0x00000000f3380000)
 ParOldGen       total 97792K, used 17434K [0x00000000a0000000, 0x00000000a5f80000, 0x00000000e0000000)
  object space 97792K, 17% used [0x00000000a0000000,0x00000000a1106ac0,0x00000000a5f80000)
 Metaspace       used 46048K, capacity 47062K, committed 47360K, reserved 1089536K
  class space    used 6284K, capacity 6600K, committed 6656K, reserved 1048576K
}
Event: 17.941 GC heap before
{Heap before GC invocations=10 (full 2):
 PSYoungGen      total 199168K, used 199156K [0x00000000e0000000, 0x00000000f3380000, 0x0000000100000000)
  eden space 184832K, 100% used [0x00000000e0000000,0x00000000eb480000,0x00000000eb480000)
  from space 14336K, 99% used [0x00000000eb480000,0x00000000ec27d2d8,0x00000000ec280000)
  to   space 16896K, 0% used [0x00000000f2300000,0x00000000f2300000,0x00000000f3380000)
 ParOldGen       total 97792K, used 17434K [0x00000000a0000000, 0x00000000a5f80000, 0x00000000e0000000)
  object space 97792K, 17% used [0x00000000a0000000,0x00000000a1106ac0,0x00000000a5f80000)
 Metaspace       used 53548K, capacity 55296K, committed 55424K, reserved 1097728K
  class space    used 7337K, capacity 7777K, committed 7808K, reserved 1048576K
Event: 17.987 GC heap after
Heap after GC invocations=10 (full 2):
 PSYoungGen      total 287232K, used 16869K [0x00000000e0000000, 0x00000000f3380000, 0x0000000100000000)
  eden space 270336K, 0% used [0x00000000e0000000,0x00000000e0000000,0x00000000f0800000)
  from space 16896K, 99% used [0x00000000f2300000,0x00000000f33794f8,0x00000000f3380000)
  to   space 21504K, 0% used [0x00000000f0980000,0x00000000f0980000,0x00000000f1e80000)
 ParOldGen       total 97792K, used 22194K [0x00000000a0000000, 0x00000000a5f80000, 0x00000000e0000000)
  object space 97792K, 22% used [0x00000000a0000000,0x00000000a15acbd0,0x00000000a5f80000)
 Metaspace       used 53548K, capacity 55296K, committed 55424K, reserved 1097728K
  class space    used 7337K, capacity 7777K, committed 7808K, reserved 1048576K
}
Event: 57.683 GC heap before
{Heap before GC invocations=11 (full 2):
 PSYoungGen      total 287232K, used 185823K [0x00000000e0000000, 0x00000000f3380000, 0x0000000100000000)
  eden space 270336K, 62% used [0x00000000e0000000,0x00000000ea4fe818,0x00000000f0800000)
  from space 16896K, 99% used [0x00000000f2300000,0x00000000f33794f8,0x00000000f3380000)
  to   space 21504K, 0% used [0x00000000f0980000,0x00000000f0980000,0x00000000f1e80000)
 ParOldGen       total 97792K, used 22194K [0x00000000a0000000, 0x00000000a5f80000, 0x00000000e0000000)
  object space 97792K, 22% used [0x00000000a0000000,0x00000000a15acbd0,0x00000000a5f80000)
 Metaspace       used 56994K, capacity 58992K, committed 59028K, reserved 1099776K
  class space    used 7714K, capacity 8189K, committed 8192K, reserved 1048576K
Event: 57.765 GC heap after
Heap after GC invocations=11 (full 2):
 PSYoungGen      total 293376K, used 21502K [0x00000000e0000000, 0x00000000f7a00000, 0x0000000100000000)
  eden space 271872K, 0% used [0x00000000e0000000,0x00000000e0000000,0x00000000f0980000)
  from space 21504K, 99% used [0x00000000f0980000,0x00000000f1e7fbf8,0x00000000f1e80000)
  to   space 26112K, 0% used [0x00000000f6080000,0x00000000f6080000,0x00000000f7a00000)
 ParOldGen       total 97792K, used 26382K [0x00000000a0000000, 0x00000000a5f80000, 0x00000000e0000000)
  object space 97792K, 26% used [0x00000000a0000000,0x00000000a19c3aa0,0x00000000a5f80000)
 Metaspace       used 56994K, capacity 58992K, committed 59028K, reserved 1099776K
  class space    used 7714K, capacity 8189K, committed 8192K, reserved 1048576K
}
Event: 57.765 GC heap before
{Heap before GC invocations=12 (full 3):
 PSYoungGen      total 293376K, used 21502K [0x00000000e0000000, 0x00000000f7a00000, 0x0000000100000000)
  eden space 271872K, 0% used [0x00000000e0000000,0x00000000e0000000,0x00000000f0980000)
  from space 21504K, 99% used [0x00000000f0980000,0x00000000f1e7fbf8,0x00000000f1e80000)
  to   space 26112K, 0% used [0x00000000f6080000,0x00000000f6080000,0x00000000f7a00000)
 ParOldGen       total 97792K, used 26382K [0x00000000a0000000, 0x00000000a5f80000, 0x00000000e0000000)
  object space 97792K, 26% used [0x00000000a0000000,0x00000000a19c3aa0,0x00000000a5f80000)
 Metaspace       used 56994K, capacity 58992K, committed 59028K, reserved 1099776K
  class space    used 7714K, capacity 8189K, committed 8192K, reserved 1048576K
Event: 58.194 GC heap after
Heap after GC invocations=12 (full 3):
 PSYoungGen      total 293376K, used 0K [0x00000000e0000000, 0x00000000f7a00000, 0x0000000100000000)
  eden space 271872K, 0% used [0x00000000e0000000,0x00000000e0000000,0x00000000f0980000)
  from space 21504K, 0% used [0x00000000f0980000,0x00000000f0980000,0x00000000f1e80000)
  to   space 26112K, 0% used [0x00000000f6080000,0x00000000f6080000,0x00000000f7a00000)
 ParOldGen       total 142848K, used 38972K [0x00000000a0000000, 0x00000000a8b80000, 0x00000000e0000000)
  object space 142848K, 27% used [0x00000000a0000000,0x00000000a260f1c8,0x00000000a8b80000)
 Metaspace       used 56994K, capacity 58992K, committed 59028K, reserved 1099776K
  class space    used 7714K, capacity 8189K, committed 8192K, reserved 1048576K
}
Event: 73.257 GC heap before
{Heap before GC invocations=13 (full 3):
 PSYoungGen      total 293376K, used 271872K [0x00000000e0000000, 0x00000000f7a00000, 0x0000000100000000)
  eden space 271872K, 100% used [0x00000000e0000000,0x00000000f0980000,0x00000000f0980000)
  from space 21504K, 0% used [0x00000000f0980000,0x00000000f0980000,0x00000000f1e80000)
  to   space 26112K, 0% used [0x00000000f6080000,0x00000000f6080000,0x00000000f7a00000)
 ParOldGen       total 142848K, used 38972K [0x00000000a0000000, 0x00000000a8b80000, 0x00000000e0000000)
  object space 142848K, 27% used [0x00000000a0000000,0x00000000a260f1c8,0x00000000a8b80000)
 Metaspace       used 72579K, capacity 75468K, committed 75648K, reserved 1114112K
  class space    used 9706K, capacity 10345K, committed 10368K, reserved 1048576K
Event: 73.289 GC heap after
Heap after GC invocations=13 (full 3):
 PSYoungGen      total 359424K, used 19702K [0x00000000e0000000, 0x00000000f8080000, 0x0000000100000000)
  eden space 333312K, 0% used [0x00000000e0000000,0x00000000e0000000,0x00000000f4580000)
  from space 26112K, 75% used [0x00000000f6080000,0x00000000f73bd900,0x00000000f7a00000)
  to   space 27648K, 0% used [0x00000000f4580000,0x00000000f4580000,0x00000000f6080000)
 ParOldGen       total 142848K, used 38980K [0x00000000a0000000, 0x00000000a8b80000, 0x00000000e0000000)
  object space 142848K, 27% used [0x00000000a0000000,0x00000000a26111c8,0x00000000a8b80000)
 Metaspace       used 72579K, capacity 75468K, committed 75648K, reserved 1114112K
  class space    used 9706K, capacity 10345K, committed 10368K, reserved 1048576K
}

